D:\STUDING\OPEN_GL\PROJECTS\OPEN_GL_PROJECT_1\OPEN_GL_PROJECT_1\DEBUG\MAIN.OBJ
D:\STUDING\OPEN_GL\PROJECTS\OPEN_GL_PROJECT_1\OPEN_GL_PROJECT_1\DEBUG\VC110.PDB
D:\STUDING\OPEN_GL\PROJECTS\OPEN_GL_PROJECT_1\OPEN_GL_PROJECT_1\DEBUG\POINT.OBJ
D:\STUDING\OPEN_GL\PROJECTS\OPEN_GL_PROJECT_1\OPEN_GL_PROJECT_1\DEBUG\PRIMITIVEDRAWER.OBJ
D:\STUDING\OPEN_GL\PROJECTS\OPEN_GL_PROJECT_1\OPEN_GL_PROJECT_1\DEBUG\CAMERA.OBJ
D:\STUDING\OPEN_GL\PROJECTS\OPEN_GL_PROJECT_1\OPEN_GL_PROJECT_1\DEBUG\TEXTURE.OBJ
D:\STUDING\OPEN_GL\PROJECTS\OPEN_GL_PROJECT_1\OPEN_GL_PROJECT_1\DEBUG\3DTEXTURE.OBJ
D:\STUDING\OPEN_GL\PROJECTS\OPEN_GL_PROJECT_1\OPEN_GL_PROJECT_1\DEBUG\MODEL_3DS.OBJ
D:\STUDING\OPEN_GL\PROJECTS\OPEN_GL_PROJECT_1\OPEN_GL_PROJECT_1\DEBUG\MARKET.OBJ
D:\STUDING\OPEN_GL\PROJECTS\OPEN_GL_PROJECT_1\OPEN_GL_PROJECT_1\DEBUG\TEXTURES.OBJ
D:\STUDING\OPEN_GL\PROJECTS\OPEN_GL_PROJECT_1\OPEN_GL_PROJECT_1\DEBUG\KITCHEN.OBJ
D:\STUDING\OPEN_GL\PROJECTS\OPEN_GL_PROJECT_1\OPEN_GL_PROJECT_1\DEBUG\ELECTRIC.OBJ
D:\STUDING\OPEN_GL\PROJECTS\OPEN_GL_PROJECT_1\OPEN_GL_PROJECT_1\DEBUG\GAMING.OBJ
D:\STUDING\OPEN_GL\PROJECTS\OPEN_GL_PROJECT_1\OPEN_GL_PROJECT_1\DEBUG\LIBRARY.OBJ
D:\STUDING\OPEN_GL\PROJECTS\OPEN_GL_PROJECT_1\OPEN_GL_PROJECT_1\DEBUG\MALL.OBJ
D:\STUDING\OPEN_GL\PROJECTS\OPEN_GL_PROJECT_1\DEBUG\OPEN_GL_PROJECT_1.ILK
D:\STUDING\OPEN_GL\PROJECTS\OPEN_GL_PROJECT_1\DEBUG\OPEN_GL_PROJECT_1.EXE
D:\STUDING\OPEN_GL\PROJECTS\OPEN_GL_PROJECT_1\DEBUG\OPEN_GL_PROJECT_1.PDB
D:\studing\Open_GL\Projects\OPEN_GL_PROJECT_1\OPEN_GL_PROJECT_1\Debug\3DTexture.obj
D:\studing\Open_GL\Projects\OPEN_GL_PROJECT_1\OPEN_GL_PROJECT_1\Debug\camera.obj
D:\studing\Open_GL\Projects\OPEN_GL_PROJECT_1\OPEN_GL_PROJECT_1\Debug\Electric.obj
D:\studing\Open_GL\Projects\OPEN_GL_PROJECT_1\OPEN_GL_PROJECT_1\Debug\Gaming.obj
D:\studing\Open_GL\Projects\OPEN_GL_PROJECT_1\OPEN_GL_PROJECT_1\Debug\Kitchen.obj
D:\studing\Open_GL\Projects\OPEN_GL_PROJECT_1\OPEN_GL_PROJECT_1\Debug\Library.obj
D:\studing\Open_GL\Projects\OPEN_GL_PROJECT_1\OPEN_GL_PROJECT_1\Debug\main.obj
D:\studing\Open_GL\Projects\OPEN_GL_PROJECT_1\OPEN_GL_PROJECT_1\Debug\Mall.obj
D:\studing\Open_GL\Projects\OPEN_GL_PROJECT_1\OPEN_GL_PROJECT_1\Debug\Market.obj
D:\studing\Open_GL\Projects\OPEN_GL_PROJECT_1\OPEN_GL_PROJECT_1\Debug\Model_3DS.obj
D:\studing\Open_GL\Projects\OPEN_GL_PROJECT_1\OPEN_GL_PROJECT_1\Debug\Point.obj
D:\studing\Open_GL\Projects\OPEN_GL_PROJECT_1\OPEN_GL_PROJECT_1\Debug\PrimitiveDrawer.obj
D:\studing\Open_GL\Projects\OPEN_GL_PROJECT_1\OPEN_GL_PROJECT_1\Debug\texture.obj
D:\studing\Open_GL\Projects\OPEN_GL_PROJECT_1\OPEN_GL_PROJECT_1\Debug\Textures.obj
D:\studing\Open_GL\Projects\OPEN_GL_PROJECT_1\OPEN_GL_PROJECT_1\Debug\cl.command.1.tlog
D:\studing\Open_GL\Projects\OPEN_GL_PROJECT_1\OPEN_GL_PROJECT_1\Debug\CL.read.1.tlog
D:\studing\Open_GL\Projects\OPEN_GL_PROJECT_1\OPEN_GL_PROJECT_1\Debug\CL.write.1.tlog
D:\studing\Open_GL\Projects\OPEN_GL_PROJECT_1\OPEN_GL_PROJECT_1\Debug\link-cvtres.read.1.tlog
D:\studing\Open_GL\Projects\OPEN_GL_PROJECT_1\OPEN_GL_PROJECT_1\Debug\link-cvtres.write.1.tlog
D:\studing\Open_GL\Projects\OPEN_GL_PROJECT_1\OPEN_GL_PROJECT_1\Debug\link-rc.read.1.tlog
D:\studing\Open_GL\Projects\OPEN_GL_PROJECT_1\OPEN_GL_PROJECT_1\Debug\link-rc.write.1.tlog
D:\studing\Open_GL\Projects\OPEN_GL_PROJECT_1\OPEN_GL_PROJECT_1\Debug\link.10320-cvtres.read.1.tlog
D:\studing\Open_GL\Projects\OPEN_GL_PROJECT_1\OPEN_GL_PROJECT_1\Debug\link.10320-cvtres.write.1.tlog
D:\studing\Open_GL\Projects\OPEN_GL_PROJECT_1\OPEN_GL_PROJECT_1\Debug\link.10320-rc.read.1.tlog
D:\studing\Open_GL\Projects\OPEN_GL_PROJECT_1\OPEN_GL_PROJECT_1\Debug\link.10320-rc.write.1.tlog
D:\studing\Open_GL\Projects\OPEN_GL_PROJECT_1\OPEN_GL_PROJECT_1\Debug\link.10320.read.1.tlog
D:\studing\Open_GL\Projects\OPEN_GL_PROJECT_1\OPEN_GL_PROJECT_1\Debug\link.10320.write.1.tlog
D:\studing\Open_GL\Projects\OPEN_GL_PROJECT_1\OPEN_GL_PROJECT_1\Debug\link.10804-cvtres.read.1.tlog
D:\studing\Open_GL\Projects\OPEN_GL_PROJECT_1\OPEN_GL_PROJECT_1\Debug\link.10804-cvtres.write.1.tlog
D:\studing\Open_GL\Projects\OPEN_GL_PROJECT_1\OPEN_GL_PROJECT_1\Debug\link.10804-rc.read.1.tlog
D:\studing\Open_GL\Projects\OPEN_GL_PROJECT_1\OPEN_GL_PROJECT_1\Debug\link.10804-rc.write.1.tlog
D:\studing\Open_GL\Projects\OPEN_GL_PROJECT_1\OPEN_GL_PROJECT_1\Debug\link.10804.read.1.tlog
D:\studing\Open_GL\Projects\OPEN_GL_PROJECT_1\OPEN_GL_PROJECT_1\Debug\link.10804.write.1.tlog
D:\studing\Open_GL\Projects\OPEN_GL_PROJECT_1\OPEN_GL_PROJECT_1\Debug\link.11184-cvtres.read.1.tlog
D:\studing\Open_GL\Projects\OPEN_GL_PROJECT_1\OPEN_GL_PROJECT_1\Debug\link.11184-cvtres.write.1.tlog
D:\studing\Open_GL\Projects\OPEN_GL_PROJECT_1\OPEN_GL_PROJECT_1\Debug\link.11184-rc.read.1.tlog
D:\studing\Open_GL\Projects\OPEN_GL_PROJECT_1\OPEN_GL_PROJECT_1\Debug\link.11184-rc.write.1.tlog
D:\studing\Open_GL\Projects\OPEN_GL_PROJECT_1\OPEN_GL_PROJECT_1\Debug\link.11184.read.1.tlog
D:\studing\Open_GL\Projects\OPEN_GL_PROJECT_1\OPEN_GL_PROJECT_1\Debug\link.11184.write.1.tlog
D:\studing\Open_GL\Projects\OPEN_GL_PROJECT_1\OPEN_GL_PROJECT_1\Debug\link.11424-cvtres.read.1.tlog
D:\studing\Open_GL\Projects\OPEN_GL_PROJECT_1\OPEN_GL_PROJECT_1\Debug\link.11424-cvtres.write.1.tlog
D:\studing\Open_GL\Projects\OPEN_GL_PROJECT_1\OPEN_GL_PROJECT_1\Debug\link.11424-rc.read.1.tlog
D:\studing\Open_GL\Projects\OPEN_GL_PROJECT_1\OPEN_GL_PROJECT_1\Debug\link.11424-rc.write.1.tlog
D:\studing\Open_GL\Projects\OPEN_GL_PROJECT_1\OPEN_GL_PROJECT_1\Debug\link.11424.read.1.tlog
D:\studing\Open_GL\Projects\OPEN_GL_PROJECT_1\OPEN_GL_PROJECT_1\Debug\link.11424.write.1.tlog
D:\studing\Open_GL\Projects\OPEN_GL_PROJECT_1\OPEN_GL_PROJECT_1\Debug\link.11904-cvtres.read.1.tlog
D:\studing\Open_GL\Projects\OPEN_GL_PROJECT_1\OPEN_GL_PROJECT_1\Debug\link.11904-cvtres.write.1.tlog
D:\studing\Open_GL\Projects\OPEN_GL_PROJECT_1\OPEN_GL_PROJECT_1\Debug\link.11904-rc.read.1.tlog
D:\studing\Open_GL\Projects\OPEN_GL_PROJECT_1\OPEN_GL_PROJECT_1\Debug\link.11904-rc.write.1.tlog
D:\studing\Open_GL\Projects\OPEN_GL_PROJECT_1\OPEN_GL_PROJECT_1\Debug\link.11904.read.1.tlog
D:\studing\Open_GL\Projects\OPEN_GL_PROJECT_1\OPEN_GL_PROJECT_1\Debug\link.11904.write.1.tlog
D:\studing\Open_GL\Projects\OPEN_GL_PROJECT_1\OPEN_GL_PROJECT_1\Debug\link.12284-cvtres.read.1.tlog
D:\studing\Open_GL\Projects\OPEN_GL_PROJECT_1\OPEN_GL_PROJECT_1\Debug\link.12284-cvtres.write.1.tlog
D:\studing\Open_GL\Projects\OPEN_GL_PROJECT_1\OPEN_GL_PROJECT_1\Debug\link.12284-rc.read.1.tlog
D:\studing\Open_GL\Projects\OPEN_GL_PROJECT_1\OPEN_GL_PROJECT_1\Debug\link.12284-rc.write.1.tlog
D:\studing\Open_GL\Projects\OPEN_GL_PROJECT_1\OPEN_GL_PROJECT_1\Debug\link.12284.read.1.tlog
D:\studing\Open_GL\Projects\OPEN_GL_PROJECT_1\OPEN_GL_PROJECT_1\Debug\link.12284.write.1.tlog
D:\studing\Open_GL\Projects\OPEN_GL_PROJECT_1\OPEN_GL_PROJECT_1\Debug\link.13164-cvtres.read.1.tlog
D:\studing\Open_GL\Projects\OPEN_GL_PROJECT_1\OPEN_GL_PROJECT_1\Debug\link.13164-cvtres.write.1.tlog
D:\studing\Open_GL\Projects\OPEN_GL_PROJECT_1\OPEN_GL_PROJECT_1\Debug\link.13164-rc.read.1.tlog
D:\studing\Open_GL\Projects\OPEN_GL_PROJECT_1\OPEN_GL_PROJECT_1\Debug\link.13164-rc.write.1.tlog
D:\studing\Open_GL\Projects\OPEN_GL_PROJECT_1\OPEN_GL_PROJECT_1\Debug\link.13164.read.1.tlog
D:\studing\Open_GL\Projects\OPEN_GL_PROJECT_1\OPEN_GL_PROJECT_1\Debug\link.13164.write.1.tlog
D:\studing\Open_GL\Projects\OPEN_GL_PROJECT_1\OPEN_GL_PROJECT_1\Debug\link.13168-cvtres.read.1.tlog
D:\studing\Open_GL\Projects\OPEN_GL_PROJECT_1\OPEN_GL_PROJECT_1\Debug\link.13168-cvtres.write.1.tlog
D:\studing\Open_GL\Projects\OPEN_GL_PROJECT_1\OPEN_GL_PROJECT_1\Debug\link.13168-rc.read.1.tlog
D:\studing\Open_GL\Projects\OPEN_GL_PROJECT_1\OPEN_GL_PROJECT_1\Debug\link.13168-rc.write.1.tlog
D:\studing\Open_GL\Projects\OPEN_GL_PROJECT_1\OPEN_GL_PROJECT_1\Debug\link.13168.read.1.tlog
D:\studing\Open_GL\Projects\OPEN_GL_PROJECT_1\OPEN_GL_PROJECT_1\Debug\link.13168.write.1.tlog
D:\studing\Open_GL\Projects\OPEN_GL_PROJECT_1\OPEN_GL_PROJECT_1\Debug\link.13468-cvtres.read.1.tlog
D:\studing\Open_GL\Projects\OPEN_GL_PROJECT_1\OPEN_GL_PROJECT_1\Debug\link.13468-cvtres.write.1.tlog
D:\studing\Open_GL\Projects\OPEN_GL_PROJECT_1\OPEN_GL_PROJECT_1\Debug\link.13468-rc.read.1.tlog
D:\studing\Open_GL\Projects\OPEN_GL_PROJECT_1\OPEN_GL_PROJECT_1\Debug\link.13468-rc.write.1.tlog
D:\studing\Open_GL\Projects\OPEN_GL_PROJECT_1\OPEN_GL_PROJECT_1\Debug\link.13468.read.1.tlog
D:\studing\Open_GL\Projects\OPEN_GL_PROJECT_1\OPEN_GL_PROJECT_1\Debug\link.13468.write.1.tlog
D:\studing\Open_GL\Projects\OPEN_GL_PROJECT_1\OPEN_GL_PROJECT_1\Debug\link.13668-cvtres.read.1.tlog
D:\studing\Open_GL\Projects\OPEN_GL_PROJECT_1\OPEN_GL_PROJECT_1\Debug\link.13668-cvtres.write.1.tlog
D:\studing\Open_GL\Projects\OPEN_GL_PROJECT_1\OPEN_GL_PROJECT_1\Debug\link.13668-rc.read.1.tlog
D:\studing\Open_GL\Projects\OPEN_GL_PROJECT_1\OPEN_GL_PROJECT_1\Debug\link.13668-rc.write.1.tlog
D:\studing\Open_GL\Projects\OPEN_GL_PROJECT_1\OPEN_GL_PROJECT_1\Debug\link.13668.read.1.tlog
D:\studing\Open_GL\Projects\OPEN_GL_PROJECT_1\OPEN_GL_PROJECT_1\Debug\link.13668.write.1.tlog
D:\studing\Open_GL\Projects\OPEN_GL_PROJECT_1\OPEN_GL_PROJECT_1\Debug\link.13748-cvtres.read.1.tlog
D:\studing\Open_GL\Projects\OPEN_GL_PROJECT_1\OPEN_GL_PROJECT_1\Debug\link.13748-cvtres.write.1.tlog
D:\studing\Open_GL\Projects\OPEN_GL_PROJECT_1\OPEN_GL_PROJECT_1\Debug\link.13748-rc.read.1.tlog
D:\studing\Open_GL\Projects\OPEN_GL_PROJECT_1\OPEN_GL_PROJECT_1\Debug\link.13748-rc.write.1.tlog
D:\studing\Open_GL\Projects\OPEN_GL_PROJECT_1\OPEN_GL_PROJECT_1\Debug\link.13748.read.1.tlog
D:\studing\Open_GL\Projects\OPEN_GL_PROJECT_1\OPEN_GL_PROJECT_1\Debug\link.13748.write.1.tlog
D:\studing\Open_GL\Projects\OPEN_GL_PROJECT_1\OPEN_GL_PROJECT_1\Debug\link.15496-cvtres.read.1.tlog
D:\studing\Open_GL\Projects\OPEN_GL_PROJECT_1\OPEN_GL_PROJECT_1\Debug\link.15496-cvtres.write.1.tlog
D:\studing\Open_GL\Projects\OPEN_GL_PROJECT_1\OPEN_GL_PROJECT_1\Debug\link.15496-rc.read.1.tlog
D:\studing\Open_GL\Projects\OPEN_GL_PROJECT_1\OPEN_GL_PROJECT_1\Debug\link.15496-rc.write.1.tlog
D:\studing\Open_GL\Projects\OPEN_GL_PROJECT_1\OPEN_GL_PROJECT_1\Debug\link.15496.read.1.tlog
D:\studing\Open_GL\Projects\OPEN_GL_PROJECT_1\OPEN_GL_PROJECT_1\Debug\link.15496.write.1.tlog
D:\studing\Open_GL\Projects\OPEN_GL_PROJECT_1\OPEN_GL_PROJECT_1\Debug\link.15692-cvtres.read.1.tlog
D:\studing\Open_GL\Projects\OPEN_GL_PROJECT_1\OPEN_GL_PROJECT_1\Debug\link.15692-cvtres.write.1.tlog
D:\studing\Open_GL\Projects\OPEN_GL_PROJECT_1\OPEN_GL_PROJECT_1\Debug\link.15692-rc.read.1.tlog
D:\studing\Open_GL\Projects\OPEN_GL_PROJECT_1\OPEN_GL_PROJECT_1\Debug\link.15692-rc.write.1.tlog
D:\studing\Open_GL\Projects\OPEN_GL_PROJECT_1\OPEN_GL_PROJECT_1\Debug\link.15692.read.1.tlog
D:\studing\Open_GL\Projects\OPEN_GL_PROJECT_1\OPEN_GL_PROJECT_1\Debug\link.15692.write.1.tlog
D:\studing\Open_GL\Projects\OPEN_GL_PROJECT_1\OPEN_GL_PROJECT_1\Debug\link.15852-cvtres.read.1.tlog
D:\studing\Open_GL\Projects\OPEN_GL_PROJECT_1\OPEN_GL_PROJECT_1\Debug\link.15852-cvtres.write.1.tlog
D:\studing\Open_GL\Projects\OPEN_GL_PROJECT_1\OPEN_GL_PROJECT_1\Debug\link.15852-rc.read.1.tlog
D:\studing\Open_GL\Projects\OPEN_GL_PROJECT_1\OPEN_GL_PROJECT_1\Debug\link.15852-rc.write.1.tlog
D:\studing\Open_GL\Projects\OPEN_GL_PROJECT_1\OPEN_GL_PROJECT_1\Debug\link.15852.read.1.tlog
D:\studing\Open_GL\Projects\OPEN_GL_PROJECT_1\OPEN_GL_PROJECT_1\Debug\link.15852.write.1.tlog
D:\studing\Open_GL\Projects\OPEN_GL_PROJECT_1\OPEN_GL_PROJECT_1\Debug\link.16008-cvtres.read.1.tlog
D:\studing\Open_GL\Projects\OPEN_GL_PROJECT_1\OPEN_GL_PROJECT_1\Debug\link.16008-cvtres.write.1.tlog
D:\studing\Open_GL\Projects\OPEN_GL_PROJECT_1\OPEN_GL_PROJECT_1\Debug\link.16008-rc.read.1.tlog
D:\studing\Open_GL\Projects\OPEN_GL_PROJECT_1\OPEN_GL_PROJECT_1\Debug\link.16008-rc.write.1.tlog
D:\studing\Open_GL\Projects\OPEN_GL_PROJECT_1\OPEN_GL_PROJECT_1\Debug\link.16008.read.1.tlog
D:\studing\Open_GL\Projects\OPEN_GL_PROJECT_1\OPEN_GL_PROJECT_1\Debug\link.16008.write.1.tlog
D:\studing\Open_GL\Projects\OPEN_GL_PROJECT_1\OPEN_GL_PROJECT_1\Debug\link.16724-cvtres.read.1.tlog
D:\studing\Open_GL\Projects\OPEN_GL_PROJECT_1\OPEN_GL_PROJECT_1\Debug\link.16724-cvtres.write.1.tlog
D:\studing\Open_GL\Projects\OPEN_GL_PROJECT_1\OPEN_GL_PROJECT_1\Debug\link.16724-rc.read.1.tlog
D:\studing\Open_GL\Projects\OPEN_GL_PROJECT_1\OPEN_GL_PROJECT_1\Debug\link.16724-rc.write.1.tlog
D:\studing\Open_GL\Projects\OPEN_GL_PROJECT_1\OPEN_GL_PROJECT_1\Debug\link.16724.read.1.tlog
D:\studing\Open_GL\Projects\OPEN_GL_PROJECT_1\OPEN_GL_PROJECT_1\Debug\link.16724.write.1.tlog
D:\studing\Open_GL\Projects\OPEN_GL_PROJECT_1\OPEN_GL_PROJECT_1\Debug\link.16768-cvtres.read.1.tlog
D:\studing\Open_GL\Projects\OPEN_GL_PROJECT_1\OPEN_GL_PROJECT_1\Debug\link.16768-cvtres.write.1.tlog
D:\studing\Open_GL\Projects\OPEN_GL_PROJECT_1\OPEN_GL_PROJECT_1\Debug\link.16768-rc.read.1.tlog
D:\studing\Open_GL\Projects\OPEN_GL_PROJECT_1\OPEN_GL_PROJECT_1\Debug\link.16768-rc.write.1.tlog
D:\studing\Open_GL\Projects\OPEN_GL_PROJECT_1\OPEN_GL_PROJECT_1\Debug\link.16768.read.1.tlog
D:\studing\Open_GL\Projects\OPEN_GL_PROJECT_1\OPEN_GL_PROJECT_1\Debug\link.16768.write.1.tlog
D:\studing\Open_GL\Projects\OPEN_GL_PROJECT_1\OPEN_GL_PROJECT_1\Debug\link.16912-cvtres.read.1.tlog
D:\studing\Open_GL\Projects\OPEN_GL_PROJECT_1\OPEN_GL_PROJECT_1\Debug\link.16912-cvtres.write.1.tlog
D:\studing\Open_GL\Projects\OPEN_GL_PROJECT_1\OPEN_GL_PROJECT_1\Debug\link.16912-rc.read.1.tlog
D:\studing\Open_GL\Projects\OPEN_GL_PROJECT_1\OPEN_GL_PROJECT_1\Debug\link.16912-rc.write.1.tlog
D:\studing\Open_GL\Projects\OPEN_GL_PROJECT_1\OPEN_GL_PROJECT_1\Debug\link.16912.read.1.tlog
D:\studing\Open_GL\Projects\OPEN_GL_PROJECT_1\OPEN_GL_PROJECT_1\Debug\link.16912.write.1.tlog
D:\studing\Open_GL\Projects\OPEN_GL_PROJECT_1\OPEN_GL_PROJECT_1\Debug\link.17060-cvtres.read.1.tlog
D:\studing\Open_GL\Projects\OPEN_GL_PROJECT_1\OPEN_GL_PROJECT_1\Debug\link.17060-cvtres.write.1.tlog
D:\studing\Open_GL\Projects\OPEN_GL_PROJECT_1\OPEN_GL_PROJECT_1\Debug\link.17060-rc.read.1.tlog
D:\studing\Open_GL\Projects\OPEN_GL_PROJECT_1\OPEN_GL_PROJECT_1\Debug\link.17060-rc.write.1.tlog
D:\studing\Open_GL\Projects\OPEN_GL_PROJECT_1\OPEN_GL_PROJECT_1\Debug\link.17060.read.1.tlog
D:\studing\Open_GL\Projects\OPEN_GL_PROJECT_1\OPEN_GL_PROJECT_1\Debug\link.17060.write.1.tlog
D:\studing\Open_GL\Projects\OPEN_GL_PROJECT_1\OPEN_GL_PROJECT_1\Debug\link.17440-cvtres.read.1.tlog
D:\studing\Open_GL\Projects\OPEN_GL_PROJECT_1\OPEN_GL_PROJECT_1\Debug\link.17440-cvtres.write.1.tlog
D:\studing\Open_GL\Projects\OPEN_GL_PROJECT_1\OPEN_GL_PROJECT_1\Debug\link.17440-rc.read.1.tlog
D:\studing\Open_GL\Projects\OPEN_GL_PROJECT_1\OPEN_GL_PROJECT_1\Debug\link.17440-rc.write.1.tlog
D:\studing\Open_GL\Projects\OPEN_GL_PROJECT_1\OPEN_GL_PROJECT_1\Debug\link.17440.read.1.tlog
D:\studing\Open_GL\Projects\OPEN_GL_PROJECT_1\OPEN_GL_PROJECT_1\Debug\link.17440.write.1.tlog
D:\studing\Open_GL\Projects\OPEN_GL_PROJECT_1\OPEN_GL_PROJECT_1\Debug\link.17576-cvtres.read.1.tlog
D:\studing\Open_GL\Projects\OPEN_GL_PROJECT_1\OPEN_GL_PROJECT_1\Debug\link.17576-cvtres.write.1.tlog
D:\studing\Open_GL\Projects\OPEN_GL_PROJECT_1\OPEN_GL_PROJECT_1\Debug\link.17576-rc.read.1.tlog
D:\studing\Open_GL\Projects\OPEN_GL_PROJECT_1\OPEN_GL_PROJECT_1\Debug\link.17576-rc.write.1.tlog
D:\studing\Open_GL\Projects\OPEN_GL_PROJECT_1\OPEN_GL_PROJECT_1\Debug\link.17576.read.1.tlog
D:\studing\Open_GL\Projects\OPEN_GL_PROJECT_1\OPEN_GL_PROJECT_1\Debug\link.17576.write.1.tlog
D:\studing\Open_GL\Projects\OPEN_GL_PROJECT_1\OPEN_GL_PROJECT_1\Debug\link.18112-cvtres.read.1.tlog
D:\studing\Open_GL\Projects\OPEN_GL_PROJECT_1\OPEN_GL_PROJECT_1\Debug\link.18112-cvtres.write.1.tlog
D:\studing\Open_GL\Projects\OPEN_GL_PROJECT_1\OPEN_GL_PROJECT_1\Debug\link.18112-rc.read.1.tlog
D:\studing\Open_GL\Projects\OPEN_GL_PROJECT_1\OPEN_GL_PROJECT_1\Debug\link.18112-rc.write.1.tlog
D:\studing\Open_GL\Projects\OPEN_GL_PROJECT_1\OPEN_GL_PROJECT_1\Debug\link.18112.read.1.tlog
D:\studing\Open_GL\Projects\OPEN_GL_PROJECT_1\OPEN_GL_PROJECT_1\Debug\link.18112.write.1.tlog
D:\studing\Open_GL\Projects\OPEN_GL_PROJECT_1\OPEN_GL_PROJECT_1\Debug\link.18136-cvtres.read.1.tlog
D:\studing\Open_GL\Projects\OPEN_GL_PROJECT_1\OPEN_GL_PROJECT_1\Debug\link.18136-cvtres.write.1.tlog
D:\studing\Open_GL\Projects\OPEN_GL_PROJECT_1\OPEN_GL_PROJECT_1\Debug\link.18136-rc.read.1.tlog
D:\studing\Open_GL\Projects\OPEN_GL_PROJECT_1\OPEN_GL_PROJECT_1\Debug\link.18136-rc.write.1.tlog
D:\studing\Open_GL\Projects\OPEN_GL_PROJECT_1\OPEN_GL_PROJECT_1\Debug\link.18136.read.1.tlog
D:\studing\Open_GL\Projects\OPEN_GL_PROJECT_1\OPEN_GL_PROJECT_1\Debug\link.18136.write.1.tlog
D:\studing\Open_GL\Projects\OPEN_GL_PROJECT_1\OPEN_GL_PROJECT_1\Debug\link.18188-cvtres.read.1.tlog
D:\studing\Open_GL\Projects\OPEN_GL_PROJECT_1\OPEN_GL_PROJECT_1\Debug\link.18188-cvtres.write.1.tlog
D:\studing\Open_GL\Projects\OPEN_GL_PROJECT_1\OPEN_GL_PROJECT_1\Debug\link.18188-rc.read.1.tlog
D:\studing\Open_GL\Projects\OPEN_GL_PROJECT_1\OPEN_GL_PROJECT_1\Debug\link.18188-rc.write.1.tlog
D:\studing\Open_GL\Projects\OPEN_GL_PROJECT_1\OPEN_GL_PROJECT_1\Debug\link.18188.read.1.tlog
D:\studing\Open_GL\Projects\OPEN_GL_PROJECT_1\OPEN_GL_PROJECT_1\Debug\link.18188.write.1.tlog
D:\studing\Open_GL\Projects\OPEN_GL_PROJECT_1\OPEN_GL_PROJECT_1\Debug\link.18568-cvtres.read.1.tlog
D:\studing\Open_GL\Projects\OPEN_GL_PROJECT_1\OPEN_GL_PROJECT_1\Debug\link.18568-cvtres.write.1.tlog
D:\studing\Open_GL\Projects\OPEN_GL_PROJECT_1\OPEN_GL_PROJECT_1\Debug\link.18568-rc.read.1.tlog
D:\studing\Open_GL\Projects\OPEN_GL_PROJECT_1\OPEN_GL_PROJECT_1\Debug\link.18568-rc.write.1.tlog
D:\studing\Open_GL\Projects\OPEN_GL_PROJECT_1\OPEN_GL_PROJECT_1\Debug\link.18568.read.1.tlog
D:\studing\Open_GL\Projects\OPEN_GL_PROJECT_1\OPEN_GL_PROJECT_1\Debug\link.18568.write.1.tlog
D:\studing\Open_GL\Projects\OPEN_GL_PROJECT_1\OPEN_GL_PROJECT_1\Debug\link.18984-cvtres.read.1.tlog
D:\studing\Open_GL\Projects\OPEN_GL_PROJECT_1\OPEN_GL_PROJECT_1\Debug\link.18984-cvtres.write.1.tlog
D:\studing\Open_GL\Projects\OPEN_GL_PROJECT_1\OPEN_GL_PROJECT_1\Debug\link.18984-rc.read.1.tlog
D:\studing\Open_GL\Projects\OPEN_GL_PROJECT_1\OPEN_GL_PROJECT_1\Debug\link.18984-rc.write.1.tlog
D:\studing\Open_GL\Projects\OPEN_GL_PROJECT_1\OPEN_GL_PROJECT_1\Debug\link.18984.read.1.tlog
D:\studing\Open_GL\Projects\OPEN_GL_PROJECT_1\OPEN_GL_PROJECT_1\Debug\link.18984.write.1.tlog
D:\studing\Open_GL\Projects\OPEN_GL_PROJECT_1\OPEN_GL_PROJECT_1\Debug\link.19084-cvtres.read.1.tlog
D:\studing\Open_GL\Projects\OPEN_GL_PROJECT_1\OPEN_GL_PROJECT_1\Debug\link.19084-cvtres.write.1.tlog
D:\studing\Open_GL\Projects\OPEN_GL_PROJECT_1\OPEN_GL_PROJECT_1\Debug\link.19084-rc.read.1.tlog
D:\studing\Open_GL\Projects\OPEN_GL_PROJECT_1\OPEN_GL_PROJECT_1\Debug\link.19084-rc.write.1.tlog
D:\studing\Open_GL\Projects\OPEN_GL_PROJECT_1\OPEN_GL_PROJECT_1\Debug\link.19084.read.1.tlog
D:\studing\Open_GL\Projects\OPEN_GL_PROJECT_1\OPEN_GL_PROJECT_1\Debug\link.19084.write.1.tlog
D:\studing\Open_GL\Projects\OPEN_GL_PROJECT_1\OPEN_GL_PROJECT_1\Debug\link.2544-cvtres.read.1.tlog
D:\studing\Open_GL\Projects\OPEN_GL_PROJECT_1\OPEN_GL_PROJECT_1\Debug\link.2544-cvtres.write.1.tlog
D:\studing\Open_GL\Projects\OPEN_GL_PROJECT_1\OPEN_GL_PROJECT_1\Debug\link.2544-rc.read.1.tlog
D:\studing\Open_GL\Projects\OPEN_GL_PROJECT_1\OPEN_GL_PROJECT_1\Debug\link.2544-rc.write.1.tlog
D:\studing\Open_GL\Projects\OPEN_GL_PROJECT_1\OPEN_GL_PROJECT_1\Debug\link.2544.read.1.tlog
D:\studing\Open_GL\Projects\OPEN_GL_PROJECT_1\OPEN_GL_PROJECT_1\Debug\link.2544.write.1.tlog
D:\studing\Open_GL\Projects\OPEN_GL_PROJECT_1\OPEN_GL_PROJECT_1\Debug\link.32-cvtres.read.1.tlog
D:\studing\Open_GL\Projects\OPEN_GL_PROJECT_1\OPEN_GL_PROJECT_1\Debug\link.32-cvtres.write.1.tlog
D:\studing\Open_GL\Projects\OPEN_GL_PROJECT_1\OPEN_GL_PROJECT_1\Debug\link.32-rc.read.1.tlog
D:\studing\Open_GL\Projects\OPEN_GL_PROJECT_1\OPEN_GL_PROJECT_1\Debug\link.32-rc.write.1.tlog
D:\studing\Open_GL\Projects\OPEN_GL_PROJECT_1\OPEN_GL_PROJECT_1\Debug\link.32.read.1.tlog
D:\studing\Open_GL\Projects\OPEN_GL_PROJECT_1\OPEN_GL_PROJECT_1\Debug\link.32.write.1.tlog
D:\studing\Open_GL\Projects\OPEN_GL_PROJECT_1\OPEN_GL_PROJECT_1\Debug\link.3464-cvtres.read.1.tlog
D:\studing\Open_GL\Projects\OPEN_GL_PROJECT_1\OPEN_GL_PROJECT_1\Debug\link.3464-cvtres.write.1.tlog
D:\studing\Open_GL\Projects\OPEN_GL_PROJECT_1\OPEN_GL_PROJECT_1\Debug\link.3464-rc.read.1.tlog
D:\studing\Open_GL\Projects\OPEN_GL_PROJECT_1\OPEN_GL_PROJECT_1\Debug\link.3464-rc.write.1.tlog
D:\studing\Open_GL\Projects\OPEN_GL_PROJECT_1\OPEN_GL_PROJECT_1\Debug\link.3464.read.1.tlog
D:\studing\Open_GL\Projects\OPEN_GL_PROJECT_1\OPEN_GL_PROJECT_1\Debug\link.3464.write.1.tlog
D:\studing\Open_GL\Projects\OPEN_GL_PROJECT_1\OPEN_GL_PROJECT_1\Debug\link.3524-cvtres.read.1.tlog
D:\studing\Open_GL\Projects\OPEN_GL_PROJECT_1\OPEN_GL_PROJECT_1\Debug\link.3524-cvtres.write.1.tlog
D:\studing\Open_GL\Projects\OPEN_GL_PROJECT_1\OPEN_GL_PROJECT_1\Debug\link.3524-rc.read.1.tlog
D:\studing\Open_GL\Projects\OPEN_GL_PROJECT_1\OPEN_GL_PROJECT_1\Debug\link.3524-rc.write.1.tlog
D:\studing\Open_GL\Projects\OPEN_GL_PROJECT_1\OPEN_GL_PROJECT_1\Debug\link.3524.read.1.tlog
D:\studing\Open_GL\Projects\OPEN_GL_PROJECT_1\OPEN_GL_PROJECT_1\Debug\link.3524.write.1.tlog
D:\studing\Open_GL\Projects\OPEN_GL_PROJECT_1\OPEN_GL_PROJECT_1\Debug\link.4004-cvtres.read.1.tlog
D:\studing\Open_GL\Projects\OPEN_GL_PROJECT_1\OPEN_GL_PROJECT_1\Debug\link.4004-cvtres.write.1.tlog
D:\studing\Open_GL\Projects\OPEN_GL_PROJECT_1\OPEN_GL_PROJECT_1\Debug\link.4004-rc.read.1.tlog
D:\studing\Open_GL\Projects\OPEN_GL_PROJECT_1\OPEN_GL_PROJECT_1\Debug\link.4004-rc.write.1.tlog
D:\studing\Open_GL\Projects\OPEN_GL_PROJECT_1\OPEN_GL_PROJECT_1\Debug\link.4004.read.1.tlog
D:\studing\Open_GL\Projects\OPEN_GL_PROJECT_1\OPEN_GL_PROJECT_1\Debug\link.4004.write.1.tlog
D:\studing\Open_GL\Projects\OPEN_GL_PROJECT_1\OPEN_GL_PROJECT_1\Debug\link.4396-cvtres.read.1.tlog
D:\studing\Open_GL\Projects\OPEN_GL_PROJECT_1\OPEN_GL_PROJECT_1\Debug\link.4396-cvtres.write.1.tlog
D:\studing\Open_GL\Projects\OPEN_GL_PROJECT_1\OPEN_GL_PROJECT_1\Debug\link.4396-rc.read.1.tlog
D:\studing\Open_GL\Projects\OPEN_GL_PROJECT_1\OPEN_GL_PROJECT_1\Debug\link.4396-rc.write.1.tlog
D:\studing\Open_GL\Projects\OPEN_GL_PROJECT_1\OPEN_GL_PROJECT_1\Debug\link.4396.read.1.tlog
D:\studing\Open_GL\Projects\OPEN_GL_PROJECT_1\OPEN_GL_PROJECT_1\Debug\link.4396.write.1.tlog
D:\studing\Open_GL\Projects\OPEN_GL_PROJECT_1\OPEN_GL_PROJECT_1\Debug\link.4676-cvtres.read.1.tlog
D:\studing\Open_GL\Projects\OPEN_GL_PROJECT_1\OPEN_GL_PROJECT_1\Debug\link.4676-cvtres.write.1.tlog
D:\studing\Open_GL\Projects\OPEN_GL_PROJECT_1\OPEN_GL_PROJECT_1\Debug\link.4676-rc.read.1.tlog
D:\studing\Open_GL\Projects\OPEN_GL_PROJECT_1\OPEN_GL_PROJECT_1\Debug\link.4676-rc.write.1.tlog
D:\studing\Open_GL\Projects\OPEN_GL_PROJECT_1\OPEN_GL_PROJECT_1\Debug\link.4676.read.1.tlog
D:\studing\Open_GL\Projects\OPEN_GL_PROJECT_1\OPEN_GL_PROJECT_1\Debug\link.4676.write.1.tlog
D:\studing\Open_GL\Projects\OPEN_GL_PROJECT_1\OPEN_GL_PROJECT_1\Debug\link.5168-cvtres.read.1.tlog
D:\studing\Open_GL\Projects\OPEN_GL_PROJECT_1\OPEN_GL_PROJECT_1\Debug\link.5168-cvtres.write.1.tlog
D:\studing\Open_GL\Projects\OPEN_GL_PROJECT_1\OPEN_GL_PROJECT_1\Debug\link.5168-rc.read.1.tlog
D:\studing\Open_GL\Projects\OPEN_GL_PROJECT_1\OPEN_GL_PROJECT_1\Debug\link.5168-rc.write.1.tlog
D:\studing\Open_GL\Projects\OPEN_GL_PROJECT_1\OPEN_GL_PROJECT_1\Debug\link.5168.read.1.tlog
D:\studing\Open_GL\Projects\OPEN_GL_PROJECT_1\OPEN_GL_PROJECT_1\Debug\link.5168.write.1.tlog
D:\studing\Open_GL\Projects\OPEN_GL_PROJECT_1\OPEN_GL_PROJECT_1\Debug\link.5196-cvtres.read.1.tlog
D:\studing\Open_GL\Projects\OPEN_GL_PROJECT_1\OPEN_GL_PROJECT_1\Debug\link.5196-cvtres.write.1.tlog
D:\studing\Open_GL\Projects\OPEN_GL_PROJECT_1\OPEN_GL_PROJECT_1\Debug\link.5196-rc.read.1.tlog
D:\studing\Open_GL\Projects\OPEN_GL_PROJECT_1\OPEN_GL_PROJECT_1\Debug\link.5196-rc.write.1.tlog
D:\studing\Open_GL\Projects\OPEN_GL_PROJECT_1\OPEN_GL_PROJECT_1\Debug\link.5196.read.1.tlog
D:\studing\Open_GL\Projects\OPEN_GL_PROJECT_1\OPEN_GL_PROJECT_1\Debug\link.5196.write.1.tlog
D:\studing\Open_GL\Projects\OPEN_GL_PROJECT_1\OPEN_GL_PROJECT_1\Debug\link.5376-cvtres.read.1.tlog
D:\studing\Open_GL\Projects\OPEN_GL_PROJECT_1\OPEN_GL_PROJECT_1\Debug\link.5376-cvtres.write.1.tlog
D:\studing\Open_GL\Projects\OPEN_GL_PROJECT_1\OPEN_GL_PROJECT_1\Debug\link.5376-rc.read.1.tlog
D:\studing\Open_GL\Projects\OPEN_GL_PROJECT_1\OPEN_GL_PROJECT_1\Debug\link.5376-rc.write.1.tlog
D:\studing\Open_GL\Projects\OPEN_GL_PROJECT_1\OPEN_GL_PROJECT_1\Debug\link.5376.read.1.tlog
D:\studing\Open_GL\Projects\OPEN_GL_PROJECT_1\OPEN_GL_PROJECT_1\Debug\link.5376.write.1.tlog
D:\studing\Open_GL\Projects\OPEN_GL_PROJECT_1\OPEN_GL_PROJECT_1\Debug\link.5380-cvtres.read.1.tlog
D:\studing\Open_GL\Projects\OPEN_GL_PROJECT_1\OPEN_GL_PROJECT_1\Debug\link.5380-cvtres.write.1.tlog
D:\studing\Open_GL\Projects\OPEN_GL_PROJECT_1\OPEN_GL_PROJECT_1\Debug\link.5380-rc.read.1.tlog
D:\studing\Open_GL\Projects\OPEN_GL_PROJECT_1\OPEN_GL_PROJECT_1\Debug\link.5380-rc.write.1.tlog
D:\studing\Open_GL\Projects\OPEN_GL_PROJECT_1\OPEN_GL_PROJECT_1\Debug\link.5380.read.1.tlog
D:\studing\Open_GL\Projects\OPEN_GL_PROJECT_1\OPEN_GL_PROJECT_1\Debug\link.5380.write.1.tlog
D:\studing\Open_GL\Projects\OPEN_GL_PROJECT_1\OPEN_GL_PROJECT_1\Debug\link.7356-cvtres.read.1.tlog
D:\studing\Open_GL\Projects\OPEN_GL_PROJECT_1\OPEN_GL_PROJECT_1\Debug\link.7356-cvtres.write.1.tlog
D:\studing\Open_GL\Projects\OPEN_GL_PROJECT_1\OPEN_GL_PROJECT_1\Debug\link.7356-rc.read.1.tlog
D:\studing\Open_GL\Projects\OPEN_GL_PROJECT_1\OPEN_GL_PROJECT_1\Debug\link.7356-rc.write.1.tlog
D:\studing\Open_GL\Projects\OPEN_GL_PROJECT_1\OPEN_GL_PROJECT_1\Debug\link.7356.read.1.tlog
D:\studing\Open_GL\Projects\OPEN_GL_PROJECT_1\OPEN_GL_PROJECT_1\Debug\link.7356.write.1.tlog
D:\studing\Open_GL\Projects\OPEN_GL_PROJECT_1\OPEN_GL_PROJECT_1\Debug\link.7784-cvtres.read.1.tlog
D:\studing\Open_GL\Projects\OPEN_GL_PROJECT_1\OPEN_GL_PROJECT_1\Debug\link.7784-cvtres.write.1.tlog
D:\studing\Open_GL\Projects\OPEN_GL_PROJECT_1\OPEN_GL_PROJECT_1\Debug\link.7784-rc.read.1.tlog
D:\studing\Open_GL\Projects\OPEN_GL_PROJECT_1\OPEN_GL_PROJECT_1\Debug\link.7784-rc.write.1.tlog
D:\studing\Open_GL\Projects\OPEN_GL_PROJECT_1\OPEN_GL_PROJECT_1\Debug\link.7784.read.1.tlog
D:\studing\Open_GL\Projects\OPEN_GL_PROJECT_1\OPEN_GL_PROJECT_1\Debug\link.7784.write.1.tlog
D:\studing\Open_GL\Projects\OPEN_GL_PROJECT_1\OPEN_GL_PROJECT_1\Debug\link.7948-cvtres.read.1.tlog
D:\studing\Open_GL\Projects\OPEN_GL_PROJECT_1\OPEN_GL_PROJECT_1\Debug\link.7948-cvtres.write.1.tlog
D:\studing\Open_GL\Projects\OPEN_GL_PROJECT_1\OPEN_GL_PROJECT_1\Debug\link.7948-rc.read.1.tlog
D:\studing\Open_GL\Projects\OPEN_GL_PROJECT_1\OPEN_GL_PROJECT_1\Debug\link.7948-rc.write.1.tlog
D:\studing\Open_GL\Projects\OPEN_GL_PROJECT_1\OPEN_GL_PROJECT_1\Debug\link.7948.read.1.tlog
D:\studing\Open_GL\Projects\OPEN_GL_PROJECT_1\OPEN_GL_PROJECT_1\Debug\link.7948.write.1.tlog
D:\studing\Open_GL\Projects\OPEN_GL_PROJECT_1\OPEN_GL_PROJECT_1\Debug\link.8028-cvtres.read.1.tlog
D:\studing\Open_GL\Projects\OPEN_GL_PROJECT_1\OPEN_GL_PROJECT_1\Debug\link.8028-cvtres.write.1.tlog
D:\studing\Open_GL\Projects\OPEN_GL_PROJECT_1\OPEN_GL_PROJECT_1\Debug\link.8028-rc.read.1.tlog
D:\studing\Open_GL\Projects\OPEN_GL_PROJECT_1\OPEN_GL_PROJECT_1\Debug\link.8028-rc.write.1.tlog
D:\studing\Open_GL\Projects\OPEN_GL_PROJECT_1\OPEN_GL_PROJECT_1\Debug\link.8028.read.1.tlog
D:\studing\Open_GL\Projects\OPEN_GL_PROJECT_1\OPEN_GL_PROJECT_1\Debug\link.8028.write.1.tlog
D:\studing\Open_GL\Projects\OPEN_GL_PROJECT_1\OPEN_GL_PROJECT_1\Debug\link.8060-cvtres.read.1.tlog
D:\studing\Open_GL\Projects\OPEN_GL_PROJECT_1\OPEN_GL_PROJECT_1\Debug\link.8060-cvtres.write.1.tlog
D:\studing\Open_GL\Projects\OPEN_GL_PROJECT_1\OPEN_GL_PROJECT_1\Debug\link.8060-rc.read.1.tlog
D:\studing\Open_GL\Projects\OPEN_GL_PROJECT_1\OPEN_GL_PROJECT_1\Debug\link.8060-rc.write.1.tlog
D:\studing\Open_GL\Projects\OPEN_GL_PROJECT_1\OPEN_GL_PROJECT_1\Debug\link.8060.read.1.tlog
D:\studing\Open_GL\Projects\OPEN_GL_PROJECT_1\OPEN_GL_PROJECT_1\Debug\link.8060.write.1.tlog
D:\studing\Open_GL\Projects\OPEN_GL_PROJECT_1\OPEN_GL_PROJECT_1\Debug\link.8480-cvtres.read.1.tlog
D:\studing\Open_GL\Projects\OPEN_GL_PROJECT_1\OPEN_GL_PROJECT_1\Debug\link.8480-cvtres.write.1.tlog
D:\studing\Open_GL\Projects\OPEN_GL_PROJECT_1\OPEN_GL_PROJECT_1\Debug\link.8480-rc.read.1.tlog
D:\studing\Open_GL\Projects\OPEN_GL_PROJECT_1\OPEN_GL_PROJECT_1\Debug\link.8480-rc.write.1.tlog
D:\studing\Open_GL\Projects\OPEN_GL_PROJECT_1\OPEN_GL_PROJECT_1\Debug\link.8480.read.1.tlog
D:\studing\Open_GL\Projects\OPEN_GL_PROJECT_1\OPEN_GL_PROJECT_1\Debug\link.8480.write.1.tlog
D:\studing\Open_GL\Projects\OPEN_GL_PROJECT_1\OPEN_GL_PROJECT_1\Debug\link.8720-cvtres.read.1.tlog
D:\studing\Open_GL\Projects\OPEN_GL_PROJECT_1\OPEN_GL_PROJECT_1\Debug\link.8720-cvtres.write.1.tlog
D:\studing\Open_GL\Projects\OPEN_GL_PROJECT_1\OPEN_GL_PROJECT_1\Debug\link.8720-rc.read.1.tlog
D:\studing\Open_GL\Projects\OPEN_GL_PROJECT_1\OPEN_GL_PROJECT_1\Debug\link.8720-rc.write.1.tlog
D:\studing\Open_GL\Projects\OPEN_GL_PROJECT_1\OPEN_GL_PROJECT_1\Debug\link.8720.read.1.tlog
D:\studing\Open_GL\Projects\OPEN_GL_PROJECT_1\OPEN_GL_PROJECT_1\Debug\link.8720.write.1.tlog
D:\studing\Open_GL\Projects\OPEN_GL_PROJECT_1\OPEN_GL_PROJECT_1\Debug\link.8996-cvtres.read.1.tlog
D:\studing\Open_GL\Projects\OPEN_GL_PROJECT_1\OPEN_GL_PROJECT_1\Debug\link.8996-cvtres.write.1.tlog
D:\studing\Open_GL\Projects\OPEN_GL_PROJECT_1\OPEN_GL_PROJECT_1\Debug\link.8996-rc.read.1.tlog
D:\studing\Open_GL\Projects\OPEN_GL_PROJECT_1\OPEN_GL_PROJECT_1\Debug\link.8996-rc.write.1.tlog
D:\studing\Open_GL\Projects\OPEN_GL_PROJECT_1\OPEN_GL_PROJECT_1\Debug\link.8996.read.1.tlog
D:\studing\Open_GL\Projects\OPEN_GL_PROJECT_1\OPEN_GL_PROJECT_1\Debug\link.8996.write.1.tlog
D:\studing\Open_GL\Projects\OPEN_GL_PROJECT_1\OPEN_GL_PROJECT_1\Debug\link.9184-cvtres.read.1.tlog
D:\studing\Open_GL\Projects\OPEN_GL_PROJECT_1\OPEN_GL_PROJECT_1\Debug\link.9184-cvtres.write.1.tlog
D:\studing\Open_GL\Projects\OPEN_GL_PROJECT_1\OPEN_GL_PROJECT_1\Debug\link.9184-rc.read.1.tlog
D:\studing\Open_GL\Projects\OPEN_GL_PROJECT_1\OPEN_GL_PROJECT_1\Debug\link.9184-rc.write.1.tlog
D:\studing\Open_GL\Projects\OPEN_GL_PROJECT_1\OPEN_GL_PROJECT_1\Debug\link.9184.read.1.tlog
D:\studing\Open_GL\Projects\OPEN_GL_PROJECT_1\OPEN_GL_PROJECT_1\Debug\link.9184.write.1.tlog
D:\studing\Open_GL\Projects\OPEN_GL_PROJECT_1\OPEN_GL_PROJECT_1\Debug\link.9668-cvtres.read.1.tlog
D:\studing\Open_GL\Projects\OPEN_GL_PROJECT_1\OPEN_GL_PROJECT_1\Debug\link.9668-cvtres.write.1.tlog
D:\studing\Open_GL\Projects\OPEN_GL_PROJECT_1\OPEN_GL_PROJECT_1\Debug\link.9668-rc.read.1.tlog
D:\studing\Open_GL\Projects\OPEN_GL_PROJECT_1\OPEN_GL_PROJECT_1\Debug\link.9668-rc.write.1.tlog
D:\studing\Open_GL\Projects\OPEN_GL_PROJECT_1\OPEN_GL_PROJECT_1\Debug\link.9668.read.1.tlog
D:\studing\Open_GL\Projects\OPEN_GL_PROJECT_1\OPEN_GL_PROJECT_1\Debug\link.9668.write.1.tlog
D:\studing\Open_GL\Projects\OPEN_GL_PROJECT_1\OPEN_GL_PROJECT_1\Debug\link.9880-cvtres.read.1.tlog
D:\studing\Open_GL\Projects\OPEN_GL_PROJECT_1\OPEN_GL_PROJECT_1\Debug\link.9880-cvtres.write.1.tlog
D:\studing\Open_GL\Projects\OPEN_GL_PROJECT_1\OPEN_GL_PROJECT_1\Debug\link.9880-rc.read.1.tlog
D:\studing\Open_GL\Projects\OPEN_GL_PROJECT_1\OPEN_GL_PROJECT_1\Debug\link.9880-rc.write.1.tlog
D:\studing\Open_GL\Projects\OPEN_GL_PROJECT_1\OPEN_GL_PROJECT_1\Debug\link.9880.read.1.tlog
D:\studing\Open_GL\Projects\OPEN_GL_PROJECT_1\OPEN_GL_PROJECT_1\Debug\link.9880.write.1.tlog
D:\studing\Open_GL\Projects\OPEN_GL_PROJECT_1\OPEN_GL_PROJECT_1\Debug\link.9996-cvtres.read.1.tlog
D:\studing\Open_GL\Projects\OPEN_GL_PROJECT_1\OPEN_GL_PROJECT_1\Debug\link.9996-cvtres.write.1.tlog
D:\studing\Open_GL\Projects\OPEN_GL_PROJECT_1\OPEN_GL_PROJECT_1\Debug\link.9996-rc.read.1.tlog
D:\studing\Open_GL\Projects\OPEN_GL_PROJECT_1\OPEN_GL_PROJECT_1\Debug\link.9996-rc.write.1.tlog
D:\studing\Open_GL\Projects\OPEN_GL_PROJECT_1\OPEN_GL_PROJECT_1\Debug\link.9996.read.1.tlog
D:\studing\Open_GL\Projects\OPEN_GL_PROJECT_1\OPEN_GL_PROJECT_1\Debug\link.9996.write.1.tlog
D:\studing\Open_GL\Projects\OPEN_GL_PROJECT_1\OPEN_GL_PROJECT_1\Debug\link.command.1.tlog
D:\studing\Open_GL\Projects\OPEN_GL_PROJECT_1\OPEN_GL_PROJECT_1\Debug\link.read.1.tlog
D:\studing\Open_GL\Projects\OPEN_GL_PROJECT_1\OPEN_GL_PROJECT_1\Debug\link.write.1.tlog
D:\studing\Open_GL\Projects\OPEN_GL_PROJECT_1\OPEN_GL_PROJECT_1\Debug\vc110.idb
D:\studing\Open_GL\Projects\OPEN_GL_PROJECT_1\OPEN_GL_PROJECT_1\Debug\vc110.pdb
D:\studing\Open_GL\Projects\OPEN_GL_PROJECT_1\Debug\OPEN_GL_PROJECT_1.pdb
D:\studing\Open_GL\Projects\OPEN_GL_PROJECT_1\Debug\OPEN_GL_PROJECT_1.exe
D:\studing\Open_GL\Projects\OPEN_GL_PROJECT_1\Debug\OPEN_GL_PROJECT_1.ilk
