Build started 1/19/2025 12:30:11 PM.
     1>Project "D:\studing\Open_GL\Projects\OPEN_GL_PROJECT_1\OPEN_GL_PROJECT_1\OPEN_GL_PROJECT_1.vcxproj" on node 2 (Build target(s)).
     1>ClCompile:
         C:\Program Files (x86)\Microsoft Visual Studio 11.0\VC\bin\CL.exe /c /ZI /nologo /W3 /WX- /Od /Oy- /D _MBCS /Gm /EHsc /RTC1 /MDd /GS /fp:precise /Zc:wchar_t /Zc:forScope /Fo"Debug\\" /Fd"Debug\vc110.pdb" /Gd /TP /analyze- /errorReport:prompt main.cpp
         main.cpp
       Link:
         C:\Program Files (x86)\Microsoft Visual Studio 11.0\VC\bin\link.exe /ERRORREPORT:PROMPT /OUT:"D:\studing\Open_GL\Projects\OPEN_GL_PROJECT_1\Debug\OPEN_GL_PROJECT_1.exe" /INCREMENTAL /NOLOGO GLAUX.lib GLU32.lib glut.lib OPENGL32.lib glut32.lib kernel32.lib user32.lib gdi32.lib winspool.lib comdlg32.lib advapi32.lib shell32.lib ole32.lib oleaut32.lib uuid.lib odbc32.lib odbccp32.lib /MANIFEST /MANIFESTUAC:"level='asInvoker' uiAccess='false'" /manifest:embed /DEBUG /PDB:"D:\studing\Open_GL\Projects\OPEN_GL_PROJECT_1\Debug\OPEN_GL_PROJECT_1.pdb" /TLBID:1 /DYNAMICBASE /NXCOMPAT /IMPLIB:"D:\studing\Open_GL\Projects\OPEN_GL_PROJECT_1\Debug\OPEN_GL_PROJECT_1.lib" /MACHINE:X86 Debug\3DTexture.obj
         Debug\Electric.obj
         Debug\Gaming.obj
         Debug\Library.obj
         Debug\main.obj
         Debug\Kitchen.obj
         Debug\Mall.obj
         Debug\Model_3DS.obj
         Debug\Point.obj
         Debug\PrimitiveDrawer.obj
         Debug\texture.obj
         OPEN_GL_PROJECT_1.vcxproj -> D:\studing\Open_GL\Projects\OPEN_GL_PROJECT_1\Debug\OPEN_GL_PROJECT_1.exe
     1>Done Building Project "D:\studing\Open_GL\Projects\OPEN_GL_PROJECT_1\OPEN_GL_PROJECT_1\OPEN_GL_PROJECT_1.vcxproj" (Build target(s)).

Build succeeded.

Time Elapsed 00:00:03.49
